2024-10-29 15:02:32,321 - INFO - Projektname: WebClick
2024-10-29 15:02:32,321 - INFO - Suche nach Imports im Projektverzeichnis...
2024-10-29 15:02:32,579 - INFO - Erstelle requirements.txt basierend auf den gefundenen Imports...
2024-10-29 15:02:32,580 - INFO - Temporäre Datei für pipreqs erstellt unter /Users/python/Satelite 1 Python Projekte/Archiv/WebClick/temp_imports/temp_script.py
2024-10-29 15:02:32,580 - INFO - Führe pipreqs aus, um requirements.txt zu erstellen...
2024-10-29 15:04:29,447 - INFO - requirements.txt erfolgreich erstellt unter /Users/python/Satelite 1 Python Projekte/Archiv/WebClick/requirements.txt
2024-10-29 15:04:29,448 - INFO - Richte die virtuelle Umgebung ein...
2024-10-29 15:04:29,449 - INFO - Erstelle virtuelle Umgebung 'WebClick-venv' mit Python 3.10...
2024-10-29 15:04:31,562 - INFO - Virtuelle Umgebung 'WebClick-venv' erfolgreich erstellt unter /Users/python/Satelite 1 Python Projekte/Archiv/WebClick/WebClick-venv
2024-10-29 15:04:31,562 - INFO - Installiere Abhängigkeiten aus /Users/python/Satelite 1 Python Projekte/Archiv/WebClick/requirements.txt in der virtuellen Umgebung...
2024-10-29 15:04:32,187 - ERROR - Fehler beim Installieren der Abhängigkeiten: [notice] A new release of pip is available: 24.2 -> 24.3.1
[notice] To update, run: python3.10 -m pip install --upgrade pip
ERROR: Invalid requirement: 'foo==.1': Expected end or semicolon (after name and no valid version specifier)
    foo==.1
       ^ (from line 49 of /Users/python/Satelite 1 Python Projekte/Archiv/WebClick/requirements.txt)
2024-10-29 15:04:32,187 - ERROR - Fehler beim Installieren der Abhängigkeiten. Überprüfe die requirements.txt und die Netzwerkverbindung.
2024-10-29 15:06:31,586 - INFO - Projektname: WebClick
2024-10-29 15:06:31,587 - INFO - Suche nach Imports im Projektverzeichnis...
2024-10-29 15:06:32,064 - INFO - Erstelle requirements.txt basierend auf den gefundenen Imports...
2024-10-29 15:06:32,067 - INFO - Temporäre Datei für pipreqs erstellt unter /Users/python/Satelite 1 Python Projekte/Archiv/WebClick/temp_imports/temp_script.py
2024-10-29 15:06:32,067 - INFO - Führe pipreqs aus, um requirements.txt zu erstellen...
